<?xml version="1.0" encoding="UTF-8"?>
<testsuite name="com.phonebook.tests.HomePageTests" tests="1" skipped="0" failures="0" errors="0" timestamp="2024-03-04T10:48:41" hostname="MAVR1KE" time="0.01">
  <properties/>
  <testcase name="isHomeComponentPresentTest" classname="com.phonebook.tests.HomePageTests" time="0.01"/>
  <system-out><![CDATA[11:48:41.237 [Test worker] INFO  com.phonebook.tests.TestBase -- Start test isHomeComponentPresentTest with data: []
11:48:41.278 [Test worker] INFO  com.phonebook.tests.TestBase -- PASSED: isHomeComponentPresentTest
11:48:41.278 [Test worker] INFO  com.phonebook.tests.TestBase -- Stop test
11:48:41.278 [Test worker] INFO  com.phonebook.tests.TestBase -- ********************************************************
]]></system-out>
  <system-err><![CDATA[]]></system-err>
</testsuite>
