<?xml version="1.0" encoding="UTF-8"?>
<testsuite name="com.phonebook.tests.DeleteContactTests" tests="1" skipped="0" failures="0" errors="0" timestamp="2024-03-04T10:49:10" hostname="MAVR1KE" time="1.598">
  <properties/>
  <testcase name="removeContactTest" classname="com.phonebook.tests.DeleteContactTests" time="1.598"/>
  <system-out><![CDATA[11:48:56.639 [Test worker] INFO  com.phonebook.tests.TestBase -- Start test removeContactTest with data: []
11:49:11.676 [Test worker] INFO  com.phonebook.tests.TestBase -- PASSED: removeContactTest
11:49:11.677 [Test worker] INFO  com.phonebook.tests.TestBase -- Stop test
11:49:11.677 [Test worker] INFO  com.phonebook.tests.TestBase -- ********************************************************
]]></system-out>
  <system-err><![CDATA[]]></system-err>
</testsuite>
